<?xml version="1.0" encoding="UTF-8"?>
<testng-results skipped="0" failed="0" ignored="0" total="1" passed="1">
  <reporter-output>
  </reporter-output>
  <suite name="Default suite" duration-ms="49941" started-at="2020-10-03T16:37:52Z" finished-at="2020-10-03T16:38:42Z">
    <groups>
    </groups>
    <test name="Default test" duration-ms="49941" started-at="2020-10-03T16:37:52Z" finished-at="2020-10-03T16:38:42Z">
      <class name="com.testcase.WebPageTestCase">
        <test-method status="PASS" signature="startBroser()[pri:0, instance:com.testcase.WebPageTestCase@1e88b3c]" name="startBroser" is-config="true" duration-ms="34328" started-at="2020-10-03T16:37:52Z" finished-at="2020-10-03T16:38:27Z">
          <reporter-output>
          </reporter-output>
        </test-method> <!-- startBroser -->
        <test-method status="PASS" signature="UserLogin()[pri:0, instance:com.testcase.WebPageTestCase@1e88b3c]" name="UserLogin" duration-ms="11191" started-at="2020-10-03T16:38:27Z" finished-at="2020-10-03T16:38:38Z">
          <reporter-output>
          </reporter-output>
        </test-method> <!-- UserLogin -->
        <test-method status="PASS" signature="closeBrowser()[pri:0, instance:com.testcase.WebPageTestCase@1e88b3c]" name="closeBrowser" is-config="true" duration-ms="4334" started-at="2020-10-03T16:38:38Z" finished-at="2020-10-03T16:38:42Z">
          <reporter-output>
          </reporter-output>
        </test-method> <!-- closeBrowser -->
      </class> <!-- com.testcase.WebPageTestCase -->
    </test> <!-- Default test -->
  </suite> <!-- Default suite -->
</testng-results>
